<?xml version="1.0" encoding="UTF-8"?>
<testsuite xmlns:xsi="http://www.w3.org/2001/XMLSchema-instance" xsi:noNamespaceSchemaLocation="https://maven.apache.org/surefire/maven-surefire-plugin/xsd/surefire-test-report.xsd" name="MaxPointsParticipantsMV.TopDownTest" time="0.044" tests="5" errors="0" skipped="0" failures="0">
  <properties>
[...]
</properties>
  <testcase name="addValidAssignment" classname="MaxPointsParticipantsMV.TopDownTest" time="0.002"/>
  <testcase name="test_addStudent" classname="MaxPointsParticipantsMV.TopDownTest" time="0.005"/>
  <testcase name="studentAssignmentGrade" classname="MaxPointsParticipantsMV.TopDownTest" time="0.019"/>
  <testcase name="addValidGrade" classname="MaxPointsParticipantsMV.TopDownTest" time="0.008"/>
  <testcase name="studentAssignment" classname="MaxPointsParticipantsMV.TopDownTest" time="0.01"/>
</testsuite>